apk/app/build/outputs/mapping/release/seeds.txt
io.github.waltermateus.twa.DelegationService: DelegationService()
io.github.waltermateus.twa.Application: Application()
io.github.waltermateus.twa.Application
io.github.waltermateus.twa.DelegationService
io.github.waltermateus.twa.LauncherActivity
io.github.waltermateus.twa.LauncherActivity: LauncherActivity()
...
androidx.browser.browseractions.BrowserActionsFallbackMenuView
androidx.lifecycle.Lifecycle$Event: androidx.lifecycle.Lifecycle$Event ON_CREATE
com.google.android.gms.common.internal.ClientIdentity: android.os.Parcelable$Creator CREATOR
com.google.androidbrowserhelper.locationdelegation.PermissionRequestActivity: PermissionRequestActivity()
androidx.core.graphics.drawable.IconCompat
androidx.core.app.RemoteActionCompatParcelizer: void write(androidx.core.app.RemoteActionCompat,androidx.versionedparcelable.VersionedParcel)
com.google.android.gms.common.internal.GetServiceRequest: android.os.Parcelable$Creator CREATOR
com.google.androidbrowserhelper.trusted.ManageDataLauncherActivity
com.google.android.gms.common.api.internal.LifecycleCallback
com.google.android.gms.signin.internal.zaa: android.os.Parcelable$Creator CREATOR
com.google.android.gms.common.internal.zat: android.os.Parcelable$Creator CREATOR
android.support.v4.graphics.drawable.IconCompatParcelizer: IconCompatParcelizer()
com.google.android.gms.common.internal.ConnectionTelemetryConfiguration: android.os.Parcelable$Creator CREATOR
androidx.versionedparcelable.ParcelImpl
com.google.android.gms.common.internal.ReflectedParcelable
android.support.v4.app.RemoteActionCompatParcelizer: RemoteActionCompatParcelizer()
androidx.core.app.CoreComponentFactory
android.support.v4.graphics.drawable.IconCompatParcelizer: void write(androidx.core.graphics.drawable.IconCompat,androidx.versionedparcelable.VersionedParcel)
androidx.lifecycle.SingleGeneratedAdapterObserver
com.google.android.gms.common.api.GoogleApiActivity
com.google.android.gms.common.api.GoogleApiActivity: GoogleApiActivity()
android.support.v4.graphics.drawable.IconCompatParcelizer
com.google.android.gms.location.LocationAvailability: android.os.Parcelable$Creator CREATOR
android.support.v4.app.RemoteActionCompatParcelizer: androidx.core.app.RemoteActionCompat read(androidx.versionedparcelable.VersionedParcel)
com.google.android.gms.common.internal.TelemetryData: android.os.Parcelable$Creator CREATOR
androidx.versionedparcelable.CustomVersionedParcelable: CustomVersionedParcelable()
androidx.versionedparcelable.CustomVersionedParcelable
com.google.android.gms.internal.location.zzdd: android.os.Parcelable$Creator CREATOR
com.google.android.gms.common.ConnectionResult: android.os.Parcelable$Creator CREATOR
androidx.lifecycle.Lifecycle$Event: androidx.lifecycle.Lifecycle$Event ON_START
com.google.android.gms.common.internal.MethodInvocation: android.os.Parcelable$Creator CREATOR
androidx.loader.app.LoaderManagerImpl$LoaderViewModel
androidx.lifecycle.Lifecycle$Event: androidx.lifecycle.Lifecycle$Event ON_DESTROY
androidx.annotation.Keep
androidx.browser.trusted.TrustedWebActivityService: TrustedWebActivityService()
com.google.android.gms.location.zzac: android.os.Parcelable$Creator CREATOR
androidx.fragment.app.FragmentManagerState: android.os.Parcelable$Creator CREATOR
androidx.versionedparcelable.ParcelImpl: android.os.Parcelable$Creator CREATOR
com.google.android.gms.auth.api.signin.GoogleSignInAccount: android.os.Parcelable$Creator CREATOR
androidx.fragment.app.FragmentState: android.os.Parcelable$Creator CREATOR
com.google.android.gms.dynamite.DynamiteModule$DynamiteLoaderClassLoader: java.lang.ClassLoader sClassLoader
androidx.loader.app.LoaderManagerImpl$LoaderViewModel: LoaderManagerImpl$LoaderViewModel()
androidx.core.app.CoreComponentFactory: CoreComponentFactory()
androidx.core.app.RemoteActionCompatParcelizer: androidx.core.app.RemoteActionCompat read(androidx.versionedparcelable.VersionedParcel)
androidx.core.graphics.drawable.IconCompatParcelizer
androidx.lifecycle.Lifecycle$Event: androidx.lifecycle.Lifecycle$Event ON_PAUSE
com.google.android.gms.internal.location.zzd: android.os.Parcelable$Creator CREATOR
com.google.android.gms.signin.internal.zai: android.os.Parcelable$Creator CREATOR
com.google.android.gms.common.api.Status: android.os.Parcelable$Creator CREATOR