apk/app/build/outputs/mapping/release/mapping.txt
# compiler: R8
# compiler_version: 2.1.86
# min_api: 19
# pg_map_id: 73b0149
# common_typos_disable
io.github.waltermateus.twa.LauncherActivity -> io.github.waltermateus.twa.LauncherActivity:
    android.net.Uri getLaunchingUrl() -> g
...
com.google.android.gms.common.internal.MethodInvocation -> com.google.android.gms.common.internal.m:
    java.lang.String zag -> g
    java.lang.String zaf -> f
    long zae -> e
    int zah -> h
    int zai -> i
    long zad -> d
    int zab -> b
    int zac -> c
    int zaa -> a
com.google.android.gms.common.internal.Objects -> com.google.android.gms.common.internal.n:
    boolean equal(java.lang.Object,java.lang.Object) -> a
    int hashCode(java.lang.Object[]) -> b
    com.google.android.gms.common.internal.Objects$ToStringHelper toStringHelper(java.lang.Object) -> c
com.google.android.gms.common.internal.Objects$ToStringHelper -> com.google.android.gms.common.internal.n$a:
    java.util.List zza -> a
    java.lang.Object zzb -> b
    com.google.android.gms.common.internal.Objects$ToStringHelper add(java.lang.String,java.lang.Object) -> a
com.google.android.gms.common.internal.Preconditions -> com.google.android.gms.common.internal.o:
    void checkArgument(boolean) -> a
    void checkArgument(boolean,java.lang.Object) -> b
    void checkArgument(boolean,java.lang.String,java.lang.Object[]) -> c
    void checkHandlerThread(android.os.Handler) -> d
    java.lang.String checkNotEmpty(java.lang.String) -> e
    java.lang.String checkNotEmpty(java.lang.String,java.lang.Object) -> f
    java.lang.Object checkNotNull(java.lang.Object) -> g
    java.lang.Object checkNotNull(java.lang.Object,java.lang.Object) -> h
    void checkState(boolean) -> i
    void checkState(boolean,java.lang.Object) -> j
com.google.android.gms.common.internal.RootTelemetryConfigManager -> com.google.android.gms.common.internal.p:
    com.google.android.gms.common.internal.RootTelemetryConfigManager zza -> b
    com.google.android.gms.common.internal.RootTelemetryConfiguration zzc -> a
    com.google.android.gms.common.internal.RootTelemetryConfiguration zzb -> c
    com.google.android.gms.common.internal.RootTelemetryConfiguration getConfig() -> a
    com.google.android.gms.common.internal.RootTelemetryConfigManager getInstance() -> b
    void zza(com.google.android.gms.common.internal.RootTelemetryConfiguration) -> c
com.google.android.gms.common.internal.RootTelemetryConfiguration -> com.google.android.gms.common.internal.q:
    int zzd -> d
    int zze -> e
    boolean zzb -> b
    boolean zzc -> c
    int zza -> a
    int getBatchPeriodMillis() -> b
    int getMaxMethodInvocationsInBatch() -> c
    boolean getMethodInvocationTelemetryEnabled() -> d
    boolean getMethodTimingTelemetryEnabled() -> e
    int getVersion() -> f
com.google.android.gms.common.internal.TelemetryData -> com.google.android.gms.common.internal.r:
    java.util.List zab -> b
    int zaa -> a
    int zaa() -> b
    java.util.List zab() -> c
    void zac(com.google.android.gms.common.internal.MethodInvocation) -> d
com.google.android.gms.common.internal.TelemetryLogging -> com.google.android.gms.common.internal.s:
    com.google.android.gms.common.internal.TelemetryLoggingClient getClient(android.content.Context) -> a
    com.google.android.gms.common.internal.TelemetryLoggingClient getClient(android.content.Context,com.google.android.gms.common.internal.TelemetryLoggingOptions) -> b
com.google.android.gms.common.internal.TelemetryLoggingClient -> com.google.android.gms.common.internal.t:
    com.google.android.gms.tasks.Task log(com.google.android.gms.common.internal.TelemetryData) -> b
com.google.android.gms.common.internal.TelemetryLoggingOptions -> com.google.android.gms.common.internal.u:
    com.google.android.gms.common.internal.TelemetryLoggingOptions zaa -> c
    java.lang.String zab -> b
    com.google.android.gms.common.internal.TelemetryLoggingOptions$Builder builder() -> c
    android.os.Bundle zaa() -> d
com.google.android.gms.common.internal.TelemetryLoggingOptions$Builder -> com.google.android.gms.common.internal.u$a:
    java.lang.String zaa -> a
    com.google.android.gms.common.internal.TelemetryLoggingOptions build() -> a