apk/app/build/outputs/mapping/release/usage.txt
io.github.waltermateus.twa.R$color
io.github.waltermateus.twa.R$xml
io.github.waltermateus.twa.R$id
io.github.waltermateus.twa.R
io.github.waltermateus.twa.BuildConfig
io.github.waltermateus.twa.R$style
io.github.waltermateus.twa.R$styleable
io.github.waltermateus.twa.R$mipmap
io.github.waltermateus.twa.R$raw
io.github.waltermateus.twa.R$integer
io.github.waltermateus.twa.R$dimen
io.github.waltermateus.twa.R$bool
io.github.waltermateus.twa.R$layout
io.github.waltermateus.twa.R$string
io.github.waltermateus.twa.R$drawable
io.github.waltermateus.twa.R$attr
...
com.google.androidbrowserhelper.locationdelegation.R$layout
androidx.print.PrintHelper$PrintUriAdapter$1$1
androidx.slidingpanelayout.R
com.google.android.gms.internal.location.zzab
androidx.viewpager.R$drawable
androidx.core.R$color
com.google.android.gms.common.api.BooleanResult
com.google.android.gms.common.ErrorDialogFragment:
    public static com.google.android.gms.common.ErrorDialogFragment newInstance(android.app.Dialog)
com.google.android.gms.common.util.UidVerifier
androidx.asynclayoutinflater.view.AsyncLayoutInflater$InflateRequest
androidx.core.view.GestureDetectorCompat$GestureDetectorCompatImplBase$GestureHandler
com.google.android.gms.common.zzs
androidx.localbroadcastmanager.content.LocalBroadcastManager$BroadcastRecord
androidx.core.app.RemoteInput$EditChoicesBeforeSending
com.google.android.gms.internal.common.zzj
com.google.android.gms.common.GooglePlayServicesManifestException:
    public int getActualVersion()
    public int getExpectedVersion()
com.google.android.gms.common.api.ApiException:
    public int getStatusCode()
    public java.lang.String getStatusMessage()
com.google.android.gms.internal.location.zzas
com.google.android.gms.location.LocationSettingsStatusCodes
androidx.viewpager.widget.PagerTitleStrip
androidx.core.hardware.fingerprint.FingerprintManagerCompat$1
androidx.browser.customtabs.CustomTabsIntent$ColorScheme
androidx.core.text.util.LinkifyCompat$LinkSpec
androidx.core.graphics.PathUtils
androidx.core.app.NotificationCompat$WearableExtender
com.google.android.gms.common.internal.StringResourceValueReader
androidx.annotation.BoolRes
androidx.lifecycle.AndroidViewModel
androidx.loader.app.LoaderManagerImpl$LoaderViewModel:
    void startCreatingLoader()
    boolean isCreatingLoader()
    void finishCreatingLoader()
    void putLoader(int,androidx.loader.app.LoaderManagerImpl$LoaderInfo)
    androidx.loader.app.LoaderManagerImpl$LoaderInfo getLoader(int)
    void removeLoader(int)
    boolean hasRunningLoaders()
com.google.android.gms.common.zzr
androidx.core.view.accessibility.AccessibilityNodeInfoCompat$CollectionInfoCompat
com.google.android.gms.common.api.internal.zabh
com.google.android.gms.internal.common.zzag
androidx.viewpager.widget.ViewPager$3
androidx.core.app.FrameMetricsAggregator$FrameMetricsBaseImpl
com.google.android.gms.internal.location.zzba
com.google.android.gms.common.internal.zax
com.google.android.gms.common.util.Hex
com.google.android.gms.common.api.internal.zaav
androidx.annotation.FontRes
androidx.core.widget.AutoScrollHelper$ClampedScroller